<?xml version="1.0" encoding="UTF-8"?>
<!-- Generated by org.testng.reporters.JUnitReportReporter -->
<testsuite skipped="0" hostname="C02DCP4XML7H" name="Parallel.ParalleRun" tests="6" failures="0" timestamp="2022-10-31T19:22:19 IST" time="284.744" errors="0">
  <testcase name="runScenario" time="42.123" classname="Parallel.ParalleRun"/>
  <system-out/>
  <testcase name="runScenario" time="42.560" classname="Parallel.ParalleRun"/>
  <system-out/>
  <testcase name="runScenario" time="53.051" classname="Parallel.ParalleRun"/>
  <system-out/>
  <testcase name="runScenario" time="53.311" classname="Parallel.ParalleRun"/>
  <system-out/>
  <testcase name="runScenario" time="40.692" classname="Parallel.ParalleRun"/>
  <system-out/>
  <testcase name="runScenario" time="53.007" classname="Parallel.ParalleRun"/>
  <system-out/>
</testsuite> <!-- Parallel.ParalleRun -->
